<?xml version="1.0" encoding="UTF-8"?>
<!-- Generated by org.testng.reporters.JUnitXMLReporter -->
<testsuite ignored="4" hostname="Hari" failures="1" tests="1" name="Default test(failed)" time="0.161" errors="0" timestamp="2025-04-28T16:41:22 IST">
  <testcase classname="Devendra.StandAlone" name="validateProductpage" time="0.074">
    <failure type="java.lang.NullPointerException" message="Cannot invoke &amp;quot;org.openqa.selenium.SearchContext.findElement(org.openqa.selenium.By)&amp;quot; because &amp;quot;this.searchContext&amp;quot; is null">
      <![CDATA[java.lang.NullPointerException: Cannot invoke "org.openqa.selenium.SearchContext.findElement(org.openqa.selenium.By)" because "this.searchContext" is null
at org.openqa.selenium.support.pagefactory.DefaultElementLocator.findElement(DefaultElementLocator.java:68)
at org.openqa.selenium.support.pagefactory.internal.LocatingElementHandler.invoke(LocatingElementHandler.java:38)
at jdk.proxy2/jdk.proxy2.$Proxy9.click(Unknown Source)
at Devendra.Pages.ProductPage.addToCart(ProductPage.java:20)
at Devendra.StandAlone.validateProductpage(StandAlone.java:23)
at java.base/java.util.ArrayList.forEach(ArrayList.java:1596)
... Removed 25 stack frames]]>
    </failure>
  </testcase> <!-- validateProductpage -->
  <testcase classname="Devendra.StandAlone" name="validLoginTest" time="0.0">
    <ignored/>
  </testcase> <!-- validLoginTest -->
  <testcase classname="Devendra.StandAlone" name="validateCheckoutPage" time="0.0">
    <ignored/>
  </testcase> <!-- validateCheckoutPage -->
  <testcase classname="Devendra.StandAlone" name="validateConfirmationPage" time="0.0">
    <ignored/>
  </testcase> <!-- validateConfirmationPage -->
  <testcase classname="Devendra.StandAlone" name="validateCartPage" time="0.0">
    <ignored/>
  </testcase> <!-- validateCartPage -->
</testsuite> <!-- Default test(failed) -->
